  our_gl.cpp
c:\users\admin\favorites\documents\github\2labcompgraph\2labcompgraph\tgaimage.h(58): warning C4244: =: преобразование "float" в "unsigned char", возможна потеря данных
c:\users\admin\favorites\documents\github\2labcompgraph\2labcompgraph\our_gl.cpp(64): warning C4244: аргумент: преобразование "int" в "T", возможна потеря данных
          with
          [
              T=float
          ]
c:\users\admin\favorites\documents\github\2labcompgraph\2labcompgraph\our_gl.cpp(73): warning C4244: =: преобразование "T" в "T", возможна потеря данных
          with
          [
              T=float
          ]
          and
          [
              T=int
          ]
c:\users\admin\favorites\documents\github\2labcompgraph\2labcompgraph\our_gl.cpp(74): warning C4244: =: преобразование "T" в "T", возможна потеря данных
          with
          [
              T=float
          ]
          and
          [
              T=int
          ]
  2labCompGraph.vcxproj -> C:\Users\admin\Favorites\Documents\GitHub\2labCompGraph\Debug\2labCompGraph.exe
